<?xml version="1.0" encoding="UTF-8"?>
<testsuite name="com.db.awmd.challenge.AccountsServiceTest" tests="2" skipped="0" failures="0" errors="0" timestamp="2020-07-17T11:23:30" hostname="DESKTOP-TUE12FA" time="0.008">
  <properties/>
  <testcase name="addAccount" classname="com.db.awmd.challenge.AccountsServiceTest" time="0.004"/>
  <testcase name="addAccount_failsOnDuplicateId" classname="com.db.awmd.challenge.AccountsServiceTest" time="0.002"/>
  <system-out><![CDATA[2020-07-17 16:53:29.201  INFO 15532 --- [    Test worker] .b.t.c.SpringBootTestContextBootstrapper : Neither @ContextConfiguration nor @ContextHierarchy found for test class [com.db.awmd.challenge.AccountsServiceTest], using SpringBootContextLoader
2020-07-17 16:53:29.202  INFO 15532 --- [    Test worker] o.s.t.c.support.AbstractContextLoader    : Could not detect default resource locations for test class [com.db.awmd.challenge.AccountsServiceTest]: no resource found for suffixes {-context.xml, Context.groovy}.
2020-07-17 16:53:29.202  INFO 15532 --- [    Test worker] t.c.s.AnnotationConfigContextLoaderUtils : Could not detect default configuration classes for test class [com.db.awmd.challenge.AccountsServiceTest]: AccountsServiceTest does not declare any static, non-private, non-final, nested classes annotated with @Configuration.
2020-07-17 16:53:29.209  INFO 15532 --- [    Test worker] .b.t.c.SpringBootTestContextBootstrapper : Found @SpringBootConfiguration com.db.awmd.challenge.DevChallengeApplication for test class com.db.awmd.challenge.AccountsServiceTest
2020-07-17 16:53:29.212  INFO 15532 --- [    Test worker] .b.t.c.SpringBootTestContextBootstrapper : Loaded default TestExecutionListener class names from location [META-INF/spring.factories]: [org.springframework.boot.test.autoconfigure.restdocs.RestDocsTestExecutionListener, org.springframework.boot.test.autoconfigure.web.client.MockRestServiceServerResetTestExecutionListener, org.springframework.boot.test.autoconfigure.web.servlet.MockMvcPrintOnlyOnFailureTestExecutionListener, org.springframework.boot.test.autoconfigure.web.servlet.WebDriverTestExecutionListener, org.springframework.boot.test.mock.mockito.MockitoTestExecutionListener, org.springframework.boot.test.mock.mockito.ResetMocksTestExecutionListener, org.springframework.test.context.web.ServletTestExecutionListener, org.springframework.test.context.support.DirtiesContextBeforeModesTestExecutionListener, org.springframework.test.context.support.DependencyInjectionTestExecutionListener, org.springframework.test.context.support.DirtiesContextTestExecutionListener, org.springframework.test.context.transaction.TransactionalTestExecutionListener, org.springframework.test.context.jdbc.SqlScriptsTestExecutionListener]
2020-07-17 16:53:29.217  INFO 15532 --- [    Test worker] .b.t.c.SpringBootTestContextBootstrapper : Could not instantiate TestExecutionListener [org.springframework.test.context.jdbc.SqlScriptsTestExecutionListener]. Specify custom listener classes or make the default listener classes (and their required dependencies) available. Offending class: [org/springframework/transaction/interceptor/TransactionAttribute]
2020-07-17 16:53:29.218  INFO 15532 --- [    Test worker] .b.t.c.SpringBootTestContextBootstrapper : Could not instantiate TestExecutionListener [org.springframework.test.context.transaction.TransactionalTestExecutionListener]. Specify custom listener classes or make the default listener classes (and their required dependencies) available. Offending class: [org/springframework/transaction/interceptor/TransactionAttributeSource]
2020-07-17 16:53:29.218  INFO 15532 --- [    Test worker] .b.t.c.SpringBootTestContextBootstrapper : Using TestExecutionListeners: [org.springframework.test.context.web.ServletTestExecutionListener@14441df0, org.springframework.test.context.support.DirtiesContextBeforeModesTestExecutionListener@64064096, org.springframework.boot.test.autoconfigure.SpringBootDependencyInjectionTestExecutionListener@5a87c749, org.springframework.test.context.support.DirtiesContextTestExecutionListener@2a289e33, org.springframework.boot.test.autoconfigure.restdocs.RestDocsTestExecutionListener@1e37ad1b, org.springframework.boot.test.autoconfigure.web.servlet.WebDriverTestExecutionListener@48e34cbb, org.springframework.boot.test.mock.mockito.ResetMocksTestExecutionListener@2c3a7761, org.springframework.boot.test.autoconfigure.web.client.MockRestServiceServerResetTestExecutionListener@428dadd3, org.springframework.boot.test.autoconfigure.web.servlet.MockMvcPrintOnlyOnFailureTestExecutionListener@61f18fec, org.springframework.boot.test.mock.mockito.MockitoTestExecutionListener@332591fd]

  .   ____          _            __ _ _
 /\\ / ___'_ __ _ _(_)_ __  __ _ \ \ \ \
( ( )\___ | '_ | '_| | '_ \/ _` | \ \ \ \
 \\/  ___)| |_)| | | | | || (_| |  ) ) ) )
  '  |____| .__|_| |_|_| |_\__, | / / / /
 =========|_|==============|___/=/_/_/_/
 :: Spring Boot ::        (v1.5.4.RELEASE)

2020-07-17 16:53:29.284  INFO 15532 --- [    Test worker] c.db.awmd.challenge.AccountsServiceTest  : Starting AccountsServiceTest on DESKTOP-TUE12FA with PID 15532 (started by yoga in D:\DBankChallenge)
2020-07-17 16:53:29.285  INFO 15532 --- [    Test worker] c.db.awmd.challenge.AccountsServiceTest  : No active profile set, falling back to default profiles: default
2020-07-17 16:53:29.288  INFO 15532 --- [    Test worker] o.s.w.c.s.GenericWebApplicationContext   : Refreshing org.springframework.web.context.support.GenericWebApplicationContext@7a39189e: startup date [Fri Jul 17 16:53:29 IST 2020]; root of context hierarchy
2020-07-17 16:53:29.904  INFO 15532 --- [    Test worker] s.w.s.m.m.a.RequestMappingHandlerAdapter : Looking for @ControllerAdvice: org.springframework.web.context.support.GenericWebApplicationContext@7a39189e: startup date [Fri Jul 17 16:53:29 IST 2020]; root of context hierarchy
2020-07-17 16:53:29.932  INFO 15532 --- [    Test worker] s.w.s.m.m.a.RequestMappingHandlerMapping : Mapped "{[/v1/accounts],methods=[POST],consumes=[application/json]}" onto public org.springframework.http.ResponseEntity<java.lang.Object> com.db.awmd.challenge.web.AccountsController.createAccount(com.db.awmd.challenge.domain.Account)
2020-07-17 16:53:29.933  INFO 15532 --- [    Test worker] s.w.s.m.m.a.RequestMappingHandlerMapping : Mapped "{[/v1/accounts/{accountId}],methods=[GET]}" onto public com.db.awmd.challenge.domain.Account com.db.awmd.challenge.web.AccountsController.getAccount(java.lang.String)
2020-07-17 16:53:29.935  INFO 15532 --- [    Test worker] s.w.s.m.m.a.RequestMappingHandlerMapping : Mapped "{[/v1.0/accounts/fundtransfer],methods=[POST],consumes=[application/json]}" onto public org.springframework.http.ResponseEntity<java.lang.Object> com.db.awmd.challenge.web.FundTransferController.doTransfer(com.db.awmd.challenge.domain.FundTransfer)
2020-07-17 16:53:29.941  INFO 15532 --- [    Test worker] s.w.s.m.m.a.RequestMappingHandlerMapping : Mapped "{[/error]}" onto public org.springframework.http.ResponseEntity<java.util.Map<java.lang.String, java.lang.Object>> org.springframework.boot.autoconfigure.web.BasicErrorController.error(javax.servlet.http.HttpServletRequest)
2020-07-17 16:53:29.943  INFO 15532 --- [    Test worker] s.w.s.m.m.a.RequestMappingHandlerMapping : Mapped "{[/error],produces=[text/html]}" onto public org.springframework.web.servlet.ModelAndView org.springframework.boot.autoconfigure.web.BasicErrorController.errorHtml(javax.servlet.http.HttpServletRequest,javax.servlet.http.HttpServletResponse)
2020-07-17 16:53:29.979  INFO 15532 --- [    Test worker] o.s.w.s.handler.SimpleUrlHandlerMapping  : Mapped URL path [/webjars/**] onto handler of type [class org.springframework.web.servlet.resource.ResourceHttpRequestHandler]
2020-07-17 16:53:29.980  INFO 15532 --- [    Test worker] o.s.w.s.handler.SimpleUrlHandlerMapping  : Mapped URL path [/**] onto handler of type [class org.springframework.web.servlet.resource.ResourceHttpRequestHandler]
2020-07-17 16:53:30.023  INFO 15532 --- [    Test worker] o.s.w.s.handler.SimpleUrlHandlerMapping  : Mapped URL path [/**/favicon.ico] onto handler of type [class org.springframework.web.servlet.resource.ResourceHttpRequestHandler]
2020-07-17 16:53:30.284  INFO 15532 --- [    Test worker] c.db.awmd.challenge.AccountsServiceTest  : Started AccountsServiceTest in 1.054 seconds (JVM running for 6.542)
]]></system-out>
  <system-err><![CDATA[]]></system-err>
</testsuite>
